#-----------------------------------------------------------
# Vivado v2019.2 (64-bit)
# SW Build 2708876 on Wed Nov  6 21:40:23 MST 2019
# IP Build 2700528 on Thu Nov  7 00:09:20 MST 2019
# Start of session at: Wed Jun 17 15:01:17 2020
# Process ID: 16060
# Current directory: C:/Users/Park/Lectures/Sophomore/1st semester/Digital System Design/Final Project/Digital-System-Design-Final-Project
# Command line: vivado.exe -gui_launcher_event rodinguilauncherevent17492 C:\Users\Park\Lectures\Sophomore\1st semester\Digital System Design\Final Project\Digital-System-Design-Final-Project\Final_Project.xpr
# Log file: C:/Users/Park/Lectures/Sophomore/1st semester/Digital System Design/Final Project/Digital-System-Design-Final-Project/vivado.log
# Journal file: C:/Users/Park/Lectures/Sophomore/1st semester/Digital System Design/Final Project/Digital-System-Design-Final-Project\vivado.jou
#-----------------------------------------------------------
start_gui
open_project {C:/Users/Park/Lectures/Sophomore/1st semester/Digital System Design/Final Project/Digital-System-Design-Final-Project/Final_Project.xpr}
INFO: [ProjectBase 1-489] The host OS only allows 260 characters in a normal path. The project is stored in a path with more than 80 characters. If you experience issues with IP, Block Designs, or files not being found, please consider moving the project to a location with a shorter path. Alternately consider using the OS subst command to map part of the path to a drive letter.
Current project path is 'C:/Users/Park/Lectures/Sophomore/1st semester/Digital System Design/Final Project/Digital-System-Design-Final-Project'
INFO: [Project 1-313] Project file moved from 'C:/Users/Park/Lectures/Sophomore/1st semester/Digital System Design/Final Project/Digital-System-Design-Final-Project/Final_Project' since last save.
Scanning sources...
Finished scanning sources
INFO: [IP_Flow 19-234] Refreshing IP repositories
INFO: [IP_Flow 19-1704] No user IP repositories specified
INFO: [IP_Flow 19-2313] Loaded Vivado IP repository 'C:/Xilinx/Vivado/2019.2/data/ip'.
open_project: Time (s): cpu = 00:00:16 ; elapsed = 00:00:06 . Memory (MB): peak = 1058.730 ; gain = 181.125
exit
INFO: [Common 17-206] Exiting Vivado at Wed Jun 17 15:01:40 2020...
