#-----------------------------------------------------------
# Vivado v2019.2 (64-bit)
# SW Build 2708876 on Wed Nov  6 21:40:23 MST 2019
# IP Build 2700528 on Thu Nov  7 00:09:20 MST 2019
# Start of session at: Wed Jun 17 15:05:03 2020
# Process ID: 18704
# Current directory: D:/Desktop/github/DSD
# Command line: vivado.exe -gui_launcher_event rodinguilauncherevent880 D:\Desktop\github\DSD\Final_Project.xpr
# Log file: D:/Desktop/github/DSD/vivado.log
# Journal file: D:/Desktop/github/DSD\vivado.jou
#-----------------------------------------------------------
start_gui
open_project D:/Desktop/github/DSD/Final_Project.xpr
INFO: [Project 1-313] Project file moved from 'C:/Users/Park/Lectures/Sophomore/1st semester/Digital System Design/Final Project/Digital-System-Design-Final-Project/Final_Project' since last save.
Scanning sources...
Finished scanning sources
WARNING: [filemgmt 56-2] IPUserFilesDir: Could not find the directory 'D:/Desktop/github/DSD/Final_Project.ip_user_files', nor could it be found using path 'C:/Users/Park/Lectures/Sophomore/1st semester/Digital System Design/Final Project/Digital-System-Design-Final-Project/Final_Project/Final_Project.ip_user_files'.
INFO: [IP_Flow 19-234] Refreshing IP repositories
INFO: [IP_Flow 19-1704] No user IP repositories specified
INFO: [IP_Flow 19-2313] Loaded Vivado IP repository 'D:/Desktop/Xilinx/Vivado/2019.2/data/ip'.
open_project: Time (s): cpu = 00:00:20 ; elapsed = 00:00:10 . Memory (MB): peak = 775.477 ; gain = 136.895
exit
INFO: [Common 17-206] Exiting Vivado at Wed Jun 17 15:36:22 2020...
